{"name": "Проверка увеличения счетчика «В работе» при создании нового заказа", "status": "broken", "statusDetails": {"message": "selenium.common.exceptions.TimeoutException: Message:", "trace": "self = <tests.test_order_feed_page.TestOrderFeedPage object at 0x1066f5a90>, authorization = <pages.main_page.MainPage object at 0x107066190>\nmain_page = <pages.main_page.MainPage object at 0x1070d6a10>, order_feed_page = <pages.order_feed_page.OrderFeedPage object at 0x1070d6450>\n\n    @allure.title(\"Проверка увеличения счетчика «В работе» при создании нового заказа\")\n    def test_counter_value_in_progress_increments(self, authorization, main_page, order_feed_page):\n        main_page.drag_and_drop_ingredient_in_basket()\n        main_page.click_on_place_order_button()\n>       order_number = main_page.get_order_number_converted_to_string()\n\ntests/test_order_feed_page.py:60: \n_ _ _ _ _ _ _ _ _ _ _ _ _ _ _ _ _ _ _ _ _ _ _ _ _ _ _ _ _ _ _ _ _ _ _ _ _ _ _ _ _ _ _ _ _ _ _ _ _ _ _ _ _ _ _ _ _ _ _ _ _ _ _ _ _ _ _ _ _ _ _ _ _ _ _ _ _ _ _ _ _ _ _ _ _ _ _ _ \npages/main_page.py:59: in get_order_number_converted_to_string\n    return f'0{self.get_new_element_value(MainPageLocators.ORDER_NUMBER)}'\npages/base_page.py:86: in get_new_element_value\n    WebDriverWait(self.driver, 15).until(\n_ _ _ _ _ _ _ _ _ _ _ _ _ _ _ _ _ _ _ _ _ _ _ _ _ _ _ _ _ _ _ _ _ _ _ _ _ _ _ _ _ _ _ _ _ _ _ _ _ _ _ _ _ _ _ _ _ _ _ _ _ _ _ _ _ _ _ _ _ _ _ _ _ _ _ _ _ _ _ _ _ _ _ _ _ _ _ _ \n\nself = <selenium.webdriver.support.wait.WebDriverWait (session=\"f8511c9f-49ed-4cd2-9d3e-6acc962507e8\")>\nmethod = <function BasePage.get_new_element_value.<locals>.<lambda> at 0x10709efc0>, message = ''\n\n    def until(self, method: Callable[[D], Union[Literal[False], T]], message: str = \"\") -> T:\n        \"\"\"Calls the method provided with the driver as an argument until the \\\n        return value does not evaluate to ``False``.\n    \n        :param method: callable(WebDriver)\n        :param message: optional message for :exc:`TimeoutException`\n        :returns: the result of the last call to `method`\n        :raises: :exc:`selenium.common.exceptions.TimeoutException` if timeout occurs\n        \"\"\"\n        screen = None\n        stacktrace = None\n    \n        end_time = time.monotonic() + self._timeout\n        while True:\n            try:\n                value = method(self._driver)\n                if value:\n                    return value\n            except self._ignored_exceptions as exc:\n                screen = getattr(exc, \"screen\", None)\n                stacktrace = getattr(exc, \"stacktrace\", None)\n            time.sleep(self._poll)\n            if time.monotonic() > end_time:\n                break\n>       raise TimeoutException(message, screen, stacktrace)\nE       selenium.common.exceptions.TimeoutException: Message:\n\n.venv/lib/python3.11/site-packages/selenium/webdriver/support/wait.py:105: TimeoutException"}, "steps": [{"name": "Перетащить ингредиент в корзину", "status": "passed", "start": 1726004432066, "stop": 1726004432655}, {"name": "Клик на кнопку 'Оформить заказ'", "status": "passed", "start": 1726004432655, "stop": 1726004432894}, {"name": "Получить номер заказа в формате строки", "status": "broken", "statusDetails": {"message": "selenium.common.exceptions.TimeoutException: Message: \n\n", "trace": "  File \"/Users/elena_viushkova/Documents/Practicum/Diplom_Elena_Viushkova_11/Diplom_3/.venv/lib/python3.11/site-packages/allure_commons/_allure.py\", line 192, in impl\n    return func(*a, **kw)\n           ^^^^^^^^^^^^^^\n  File \"/Users/elena_viushkova/Documents/Practicum/Diplom_Elena_Viushkova_11/Diplom_3/pages/main_page.py\", line 59, in get_order_number_converted_to_string\n    return f'0{self.get_new_element_value(MainPageLocators.ORDER_NUMBER)}'\n               ^^^^^^^^^^^^^^^^^^^^^^^^^^^^^^^^^^^^^^^^^^^^^^^^^^^^^^^^^\n  File \"/Users/elena_viushkova/Documents/Practicum/Diplom_Elena_Viushkova_11/Diplom_3/pages/base_page.py\", line 86, in get_new_element_value\n    WebDriverWait(self.driver, 15).until(\n  File \"/Users/elena_viushkova/Documents/Practicum/Diplom_Elena_Viushkova_11/Diplom_3/.venv/lib/python3.11/site-packages/selenium/webdriver/support/wait.py\", line 105, in until\n    raise TimeoutException(message, screen, stacktrace)\n"}, "start": 1726004432894, "stop": 1726004448116}], "attachments": [{"name": "log", "source": "d367b66f-fd41-4eda-9070-fb56748df1b6-attachment.txt", "type": "text/plain"}], "parameters": [{"name": "driver", "value": "'firefox'"}], "start": 1726004432065, "stop": 1726004448117, "uuid": "1a297161-0143-46e5-86fe-b9caba600948", "historyId": "0be5262b0f952d363954310e81b1b4a6", "testCaseId": "ce0d802afa7544440dd2d7cb99a88c2f", "fullName": "tests.test_order_feed_page.TestOrderFeedPage#test_counter_value_in_progress_increments", "labels": [{"name": "parentSuite", "value": "tests"}, {"name": "suite", "value": "test_order_feed_page"}, {"name": "subSuite", "value": "TestOrderFeedPage"}, {"name": "host", "value": "Elenas-MacBook-Air.local"}, {"name": "thread", "value": "80340-MainThread"}, {"name": "framework", "value": "pytest"}, {"name": "language", "value": "cpython3"}, {"name": "package", "value": "tests.test_order_feed_page"}]}